<?xml version="1.0" encoding="UTF-8"?>
<!-- Generated by org.testng.reporters.JUnitXMLReporter -->
<testsuite hostname="AniktaDey" name="Test" tests="10" failures="0" timestamp="19 Apr 2019 15:24:41 GMT" time="226.331" errors="0">
  <testcase name="validateTitleHomePage" time="1.081" classname="tests.HomePage"/>
  <testcase name="validateNavigation" time="0.172" classname="tests.HomePage"/>
  <testcase name="validateFooterLinks" time="17.676" classname="tests.HomePage"/>
  <testcase name="getSearchData" time="23.203" classname="tests.SearchResults"/>
  <testcase name="FillDropdown" time="13.483" classname="tests.BuyCertifiedCars"/>
  <testcase name="validateTotRowCount" time="3.309" classname="tests.BuyCertifiedCars"/>
  <testcase name="buyCarClick" time="18.692" classname="tests.BuyCertifiedCars"/>
  <testcase name="SortBy" time="1.764" classname="tests.BuyCertifiedCars"/>
  <testcase name="contactDetail" time="98.595" classname="tests.ContactDetail3"/>
  <testcase name="getDetailsValuation" time="8.279" classname="tests.CarValuation"/>
</testsuite> <!-- Test -->
